app/build/intermediates/manifest_merge_blame_file/debug/processDebugMainManifest/manifest-merger-blame-debug-report.txt
1<?xml version="1.0" encoding="utf-8"?>
2<manifest xmlns:android="http://schemas.android.com/apk/res/android"
3    package="com.trainkraft.app"
4    android:versionCode="5"
5    android:versionName="2.2.0" >
6
7    <uses-sdk
8        android:minSdkVersion="26"
9        android:targetSdkVersion="36" />
10
11    <uses-permission android:name="android.permission.INTERNET" />
11-->src\main\AndroidManifest.xml:5:5-67
11-->src\main\AndroidManifest.xml:5:22-64
12    <uses-permission android:name="android.permission.ACCESS_NETWORK_STATE" />
12-->src\main\AndroidManifest.xml:6:5-79
12-->src\main\AndroidManifest.xml:6:22-76
13    <uses-permission android:name="android.permission.WAKE_LOCK" />
13-->[androidx.work:work-runtime:2.7.1] AndroidManifest.xml:25:5-68
13-->[androidx.work:work-runtime:2.7.1] AndroidManifest.xml:25:22-65
14    <uses-permission android:name="android.permission.RECEIVE_BOOT_COMPLETED" />
14-->[androidx.work:work-runtime:2.7.1] AndroidManifest.xml:27:5-81
14-->[androidx.work:work-runtime:2.7.1] AndroidManifest.xml:27:22-78
15    <uses-permission android:name="android.permission.FOREGROUND_SERVICE" />
15-->[androidx.work:work-runtime:2.7.1] AndroidManifest.xml:28:5-77
15-->[androidx.work:work-runtime:2.7.1] AndroidManifest.xml:28:22-74
16
17    <permission
17-->[androidx.core:core:1.17.0] AndroidManifest.xml:22:5-24:47
18        android:name="com.trainkraft.app.DYNAMIC_RECEIVER_NOT_EXPORTED_PERMISSION"
18-->[androidx.core:core:1.17.0] AndroidManifest.xml:23:9-81
19        android:protectionLevel="signature" />
19-->[androidx.core:core:1.17.0] AndroidManifest.xml:24:9-44
20
21    <uses-permission android:name="com.trainkraft.app.DYNAMIC_RECEIVER_NOT_EXPORTED_PERMISSION" />
21-->[androidx.core:core:1.17.0] AndroidManifest.xml:26:5-97
21-->[androidx.core:core:1.17.0] AndroidManifest.xml:26:22-94
22
23    <application
23-->src\main\AndroidManifest.xml:8:5-27:19
24        android:allowBackup="true"
24-->src\main\AndroidManifest.xml:9:9-35
25        android:appComponentFactory="androidx.core.app.CoreComponentFactory"
25-->[androidx.core:core:1.17.0] AndroidManifest.xml:28:18-86
26        android:dataExtractionRules="@xml/data_extraction_rules"
26-->src\main\AndroidManifest.xml:11:9-65
27        android:debuggable="true"
28        android:extractNativeLibs="false"
29        android:fullBackupContent="@xml/backup_rules"
29-->src\main\AndroidManifest.xml:10:9-54
30        android:label="@string/app_name"
30-->src\main\AndroidManifest.xml:12:9-41
31        android:supportsRtl="true"
31-->src\main\AndroidManifest.xml:13:9-35
32        android:theme="@style/Theme.TrainKraft" >
32-->src\main\AndroidManifest.xml:14:9-48
33        <activity
33-->src\main\AndroidManifest.xml:16:9-26:20
34            android:name="com.trainkraft.app.MainActivity"
34-->src\main\AndroidManifest.xml:17:13-41
35            android:configChanges="orientation|screenSize|screenLayout|keyboardHidden"
35-->src\main\AndroidManifest.xml:21:13-87
36            android:exported="true"
36-->src\main\AndroidManifest.xml:18:13-36
37            android:theme="@style/Theme.TrainKraft"
37-->src\main\AndroidManifest.xml:19:13-52
38            android:windowSoftInputMode="adjustResize" >
38-->src\main\AndroidManifest.xml:20:13-55
39            <intent-filter>
39-->src\main\AndroidManifest.xml:22:13-25:29
40                <action android:name="android.intent.action.MAIN" />
40-->src\main\AndroidManifest.xml:23:17-69
40-->src\main\AndroidManifest.xml:23:25-66
41
42                <category android:name="android.intent.category.LAUNCHER" />
42-->src\main\AndroidManifest.xml:24:17-77
42-->src\main\AndroidManifest.xml:24:27-74
43            </intent-filter>
44        </activity>
45        <activity
45-->[androidx.glance:glance-appwidget:1.1.1] AndroidManifest.xml:23:9-28:62
46            android:name="androidx.glance.appwidget.action.ActionTrampolineActivity"
46-->[androidx.glance:glance-appwidget:1.1.1] AndroidManifest.xml:24:13-85
47            android:enabled="true"
47-->[androidx.glance:glance-appwidget:1.1.1] AndroidManifest.xml:25:13-35
48            android:excludeFromRecents="true"
48-->[androidx.glance:glance-appwidget:1.1.1] AndroidManifest.xml:26:13-46
49            android:exported="false"
49-->[androidx.glance:glance-appwidget:1.1.1] AndroidManifest.xml:27:13-37
50            android:theme="@android:style/Theme.NoDisplay" />
50-->[androidx.glance:glance-appwidget:1.1.1] AndroidManifest.xml:28:13-59
51        <activity
51-->[androidx.glance:glance-appwidget:1.1.1] AndroidManifest.xml:29:9-36:81
52            android:name="androidx.glance.appwidget.action.InvisibleActionTrampolineActivity"
52-->[androidx.glance:glance-appwidget:1.1.1] AndroidManifest.xml:30:13-94
53            android:enabled="true"
53-->[androidx.glance:glance-appwidget:1.1.1] AndroidManifest.xml:31:13-35
54            android:exported="false"
54-->[androidx.glance:glance-appwidget:1.1.1] AndroidManifest.xml:32:13-37
55            android:launchMode="singleInstance"
55-->[androidx.glance:glance-appwidget:1.1.1] AndroidManifest.xml:33:13-48
56            android:noHistory="true"
56-->[androidx.glance:glance-appwidget:1.1.1] AndroidManifest.xml:34:13-37
57            android:taskAffinity="androidx.glance.appwidget.ListAdapterCallbackTrampoline"
57-->[androidx.glance:glance-appwidget:1.1.1] AndroidManifest.xml:35:13-91
58            android:theme="@style/Widget.Glance.AppWidget.CallbackTrampoline" />
58-->[androidx.glance:glance-appwidget:1.1.1] AndroidManifest.xml:36:13-78
59
60        <receiver
60-->[androidx.glance:glance-appwidget:1.1.1] AndroidManifest.xml:38:9-41:40
61            android:name="androidx.glance.appwidget.action.ActionCallbackBroadcastReceiver"
61-->[androidx.glance:glance-appwidget:1.1.1] AndroidManifest.xml:39:13-92
62            android:enabled="true"
62-->[androidx.glance:glance-appwidget:1.1.1] AndroidManifest.xml:40:13-35
63            android:exported="false" />
63-->[androidx.glance:glance-appwidget:1.1.1] AndroidManifest.xml:41:13-37
64        <receiver
64-->[androidx.glance:glance-appwidget:1.1.1] AndroidManifest.xml:42:9-45:40
65            android:name="androidx.glance.appwidget.UnmanagedSessionReceiver"
65-->[androidx.glance:glance-appwidget:1.1.1] AndroidManifest.xml:43:13-78
66            android:enabled="true"
66-->[androidx.glance:glance-appwidget:1.1.1] AndroidManifest.xml:44:13-35
67            android:exported="false" />
67-->[androidx.glance:glance-appwidget:1.1.1] AndroidManifest.xml:45:13-37
68        <receiver
68-->[androidx.glance:glance-appwidget:1.1.1] AndroidManifest.xml:46:9-53:20
69            android:name="androidx.glance.appwidget.MyPackageReplacedReceiver"
69-->[androidx.glance:glance-appwidget:1.1.1] AndroidManifest.xml:47:13-79
70            android:enabled="true"
70-->[androidx.glance:glance-appwidget:1.1.1] AndroidManifest.xml:48:13-35
71            android:exported="false" >
71-->[androidx.glance:glance-appwidget:1.1.1] AndroidManifest.xml:49:13-37
72            <intent-filter>
72-->[androidx.glance:glance-appwidget:1.1.1] AndroidManifest.xml:50:13-52:29
73                <action android:name="android.intent.action.MY_PACKAGE_REPLACED" />
73-->[androidx.glance:glance-appwidget:1.1.1] AndroidManifest.xml:51:17-84
73-->[androidx.glance:glance-appwidget:1.1.1] AndroidManifest.xml:51:25-81
74            </intent-filter>
75        </receiver>
76
77        <service
77-->[androidx.glance:glance-appwidget:1.1.1] AndroidManifest.xml:55:9-58:72
78            android:name="androidx.glance.appwidget.GlanceRemoteViewsService"
78-->[androidx.glance:glance-appwidget:1.1.1] AndroidManifest.xml:56:13-78
79            android:exported="true"
79-->[androidx.glance:glance-appwidget:1.1.1] AndroidManifest.xml:57:13-36
80            android:permission="android.permission.BIND_REMOTEVIEWS" />
80-->[androidx.glance:glance-appwidget:1.1.1] AndroidManifest.xml:58:13-69
81
82        <provider
82-->[androidx.work:work-runtime:2.7.1] AndroidManifest.xml:31:9-39:20
83            android:name="androidx.startup.InitializationProvider"
83-->[androidx.work:work-runtime:2.7.1] AndroidManifest.xml:32:13-67
84            android:authorities="com.trainkraft.app.androidx-startup"
84-->[androidx.work:work-runtime:2.7.1] AndroidManifest.xml:33:13-68
85            android:exported="false" >
85-->[androidx.work:work-runtime:2.7.1] AndroidManifest.xml:34:13-37
86            <meta-data
86-->[androidx.work:work-runtime:2.7.1] AndroidManifest.xml:36:13-38:52
87                android:name="androidx.work.WorkManagerInitializer"
87-->[androidx.work:work-runtime:2.7.1] AndroidManifest.xml:37:17-68
88                android:value="androidx.startup" />
88-->[androidx.work:work-runtime:2.7.1] AndroidManifest.xml:38:17-49
89            <meta-data
89-->[androidx.emoji2:emoji2:1.4.0] AndroidManifest.xml:29:13-31:52
90                android:name="androidx.emoji2.text.EmojiCompatInitializer"
90-->[androidx.emoji2:emoji2:1.4.0] AndroidManifest.xml:30:17-75
91                android:value="androidx.startup" />
91-->[androidx.emoji2:emoji2:1.4.0] AndroidManifest.xml:31:17-49
92            <meta-data
92-->[androidx.lifecycle:lifecycle-process:2.9.4] AndroidManifest.xml:29:13-31:52
93                android:name="androidx.lifecycle.ProcessLifecycleInitializer"
93-->[androidx.lifecycle:lifecycle-process:2.9.4] AndroidManifest.xml:30:17-78
94                android:value="androidx.startup" />
94-->[androidx.lifecycle:lifecycle-process:2.9.4] AndroidManifest.xml:31:17-49
95            <meta-data
95-->[androidx.profileinstaller:profileinstaller:1.4.0] AndroidManifest.xml:29:13-31:52
96                android:name="androidx.profileinstaller.ProfileInstallerInitializer"
96-->[androidx.profileinstaller:profileinstaller:1.4.0] AndroidManifest.xml:30:17-85
97                android:value="androidx.startup" />
97-->[androidx.profileinstaller:profileinstaller:1.4.0] AndroidManifest.xml:31:17-49
98        </provider>
99
100        <service
100-->[androidx.work:work-runtime:2.7.1] AndroidManifest.xml:41:9-46:35
101            android:name="androidx.work.impl.background.systemalarm.SystemAlarmService"
101-->[androidx.work:work-runtime:2.7.1] AndroidManifest.xml:42:13-88
102            android:directBootAware="false"
102-->[androidx.work:work-runtime:2.7.1] AndroidManifest.xml:43:13-44
103            android:enabled="@bool/enable_system_alarm_service_default"
103-->[androidx.work:work-runtime:2.7.1] AndroidManifest.xml:44:13-72
104            android:exported="false" />
104-->[androidx.work:work-runtime:2.7.1] AndroidManifest.xml:45:13-37
105        <service
105-->[androidx.work:work-runtime:2.7.1] AndroidManifest.xml:47:9-53:35
106            android:name="androidx.work.impl.background.systemjob.SystemJobService"
106-->[androidx.work:work-runtime:2.7.1] AndroidManifest.xml:48:13-84
107            android:directBootAware="false"
107-->[androidx.work:work-runtime:2.7.1] AndroidManifest.xml:49:13-44
108            android:enabled="@bool/enable_system_job_service_default"
108-->[androidx.work:work-runtime:2.7.1] AndroidManifest.xml:50:13-70
109            android:exported="true"
109-->[androidx.work:work-runtime:2.7.1] AndroidManifest.xml:51:13-36
110            android:permission="android.permission.BIND_JOB_SERVICE" />
110-->[androidx.work:work-runtime:2.7.1] AndroidManifest.xml:52:13-69
111        <service
111-->[androidx.work:work-runtime:2.7.1] AndroidManifest.xml:54:9-59:35
112            android:name="androidx.work.impl.foreground.SystemForegroundService"
112-->[androidx.work:work-runtime:2.7.1] AndroidManifest.xml:55:13-81
113            android:directBootAware="false"
113-->[androidx.work:work-runtime:2.7.1] AndroidManifest.xml:56:13-44
114            android:enabled="@bool/enable_system_foreground_service_default"
114-->[androidx.work:work-runtime:2.7.1] AndroidManifest.xml:57:13-77
115            android:exported="false" />
115-->[androidx.work:work-runtime:2.7.1] AndroidManifest.xml:58:13-37
116
117        <receiver
117-->[androidx.work:work-runtime:2.7.1] AndroidManifest.xml:61:9-66:35
118            android:name="androidx.work.impl.utils.ForceStopRunnable$BroadcastReceiver"
118-->[androidx.work:work-runtime:2.7.1] AndroidManifest.xml:62:13-88
119            android:directBootAware="false"
119-->[androidx.work:work-runtime:2.7.1] AndroidManifest.xml:63:13-44
120            android:enabled="true"
120-->[androidx.work:work-runtime:2.7.1] AndroidManifest.xml:64:13-35
121            android:exported="false" />
121-->[androidx.work:work-runtime:2.7.1] AndroidManifest.xml:65:13-37
122        <receiver
122-->[androidx.work:work-runtime:2.7.1] AndroidManifest.xml:67:9-77:20
123            android:name="androidx.work.impl.background.systemalarm.ConstraintProxy$BatteryChargingProxy"
123-->[androidx.work:work-runtime:2.7.1] AndroidManifest.xml:68:13-106
124            android:directBootAware="false"
124-->[androidx.work:work-runtime:2.7.1] AndroidManifest.xml:69:13-44
125            android:enabled="false"
125-->[androidx.work:work-runtime:2.7.1] AndroidManifest.xml:70:13-36
126            android:exported="false" >
126-->[androidx.work:work-runtime:2.7.1] AndroidManifest.xml:71:13-37
127            <intent-filter>
127-->[androidx.work:work-runtime:2.7.1] AndroidManifest.xml:73:13-76:29
128                <action android:name="android.intent.action.ACTION_POWER_CONNECTED" />
128-->[androidx.work:work-runtime:2.7.1] AndroidManifest.xml:74:17-87
128-->[androidx.work:work-runtime:2.7.1] AndroidManifest.xml:74:25-84
129                <action android:name="android.intent.action.ACTION_POWER_DISCONNECTED" />
129-->[androidx.work:work-runtime:2.7.1] AndroidManifest.xml:75:17-90
129-->[androidx.work:work-runtime:2.7.1] AndroidManifest.xml:75:25-87
130            </intent-filter>
131        </receiver>
132        <receiver
132-->[androidx.work:work-runtime:2.7.1] AndroidManifest.xml:78:9-88:20
133            android:name="androidx.work.impl.background.systemalarm.ConstraintProxy$BatteryNotLowProxy"
133-->[androidx.work:work-runtime:2.7.1] AndroidManifest.xml:79:13-104
134            android:directBootAware="false"
134-->[androidx.work:work-runtime:2.7.1] AndroidManifest.xml:80:13-44
135            android:enabled="false"
135-->[androidx.work:work-runtime:2.7.1] AndroidManifest.xml:81:13-36
136            android:exported="false" >
136-->[androidx.work:work-runtime:2.7.1] AndroidManifest.xml:82:13-37
137            <intent-filter>
137-->[androidx.work:work-runtime:2.7.1] AndroidManifest.xml:84:13-87:29
138                <action android:name="android.intent.action.BATTERY_OKAY" />
138-->[androidx.work:work-runtime:2.7.1] AndroidManifest.xml:85:17-77
138-->[androidx.work:work-runtime:2.7.1] AndroidManifest.xml:85:25-74
139                <action android:name="android.intent.action.BATTERY_LOW" />
139-->[androidx.work:work-runtime:2.7.1] AndroidManifest.xml:86:17-76
139-->[androidx.work:work-runtime:2.7.1] AndroidManifest.xml:86:25-73
140            </intent-filter>
141        </receiver>
142        <receiver
142-->[androidx.work:work-runtime:2.7.1] AndroidManifest.xml:89:9-99:20
143            android:name="androidx.work.impl.background.systemalarm.ConstraintProxy$StorageNotLowProxy"
143-->[androidx.work:work-runtime:2.7.1] AndroidManifest.xml:90:13-104
144            android:directBootAware="false"
144-->[androidx.work:work-runtime:2.7.1] AndroidManifest.xml:91:13-44
145            android:enabled="false"
145-->[androidx.work:work-runtime:2.7.1] AndroidManifest.xml:92:13-36
146            android:exported="false" >
146-->[androidx.work:work-runtime:2.7.1] AndroidManifest.xml:93:13-37
147            <intent-filter>
147-->[androidx.work:work-runtime:2.7.1] AndroidManifest.xml:95:13-98:29
148                <action android:name="android.intent.action.DEVICE_STORAGE_LOW" />
148-->[androidx.work:work-runtime:2.7.1] AndroidManifest.xml:96:17-83
148-->[androidx.work:work-runtime:2.7.1] AndroidManifest.xml:96:25-80
149                <action android:name="android.intent.action.DEVICE_STORAGE_OK" />
149-->[androidx.work:work-runtime:2.7.1] AndroidManifest.xml:97:17-82
149-->[androidx.work:work-runtime:2.7.1] AndroidManifest.xml:97:25-79
150            </intent-filter>
151        </receiver>
152        <receiver
152-->[androidx.work:work-runtime:2.7.1] AndroidManifest.xml:100:9-109:20
153            android:name="androidx.work.impl.background.systemalarm.ConstraintProxy$NetworkStateProxy"
153-->[androidx.work:work-runtime:2.7.1] AndroidManifest.xml:101:13-103
154            android:directBootAware="false"
154-->[androidx.work:work-runtime:2.7.1] AndroidManifest.xml:102:13-44
155            android:enabled="false"
155-->[androidx.work:work-runtime:2.7.1] AndroidManifest.xml:103:13-36
156            android:exported="false" >
156-->[androidx.work:work-runtime:2.7.1] AndroidManifest.xml:104:13-37
157            <intent-filter>
157-->[androidx.work:work-runtime:2.7.1] AndroidManifest.xml:106:13-108:29
158                <action android:name="android.net.conn.CONNECTIVITY_CHANGE" />
158-->[androidx.work:work-runtime:2.7.1] AndroidManifest.xml:107:17-79
158-->[androidx.work:work-runtime:2.7.1] AndroidManifest.xml:107:25-76
159            </intent-filter>
160        </receiver>
161        <receiver
161-->[androidx.work:work-runtime:2.7.1] AndroidManifest.xml:110:9-121:20
162            android:name="androidx.work.impl.background.systemalarm.RescheduleReceiver"
162-->[androidx.work:work-runtime:2.7.1] AndroidManifest.xml:111:13-88
163            android:directBootAware="false"
163-->[androidx.work:work-runtime:2.7.1] AndroidManifest.xml:112:13-44
164            android:enabled="false"
164-->[androidx.work:work-runtime:2.7.1] AndroidManifest.xml:113:13-36
165            android:exported="false" >
165-->[androidx.work:work-runtime:2.7.1] AndroidManifest.xml:114:13-37
166            <intent-filter>
166-->[androidx.work:work-runtime:2.7.1] AndroidManifest.xml:116:13-120:29
167                <action android:name="android.intent.action.BOOT_COMPLETED" />
167-->[androidx.work:work-runtime:2.7.1] AndroidManifest.xml:117:17-79
167-->[androidx.work:work-runtime:2.7.1] AndroidManifest.xml:117:25-76
168                <action android:name="android.intent.action.TIME_SET" />
168-->[androidx.work:work-runtime:2.7.1] AndroidManifest.xml:118:17-73
168-->[androidx.work:work-runtime:2.7.1] AndroidManifest.xml:118:25-70
169                <action android:name="android.intent.action.TIMEZONE_CHANGED" />
169-->[androidx.work:work-runtime:2.7.1] AndroidManifest.xml:119:17-81
169-->[androidx.work:work-runtime:2.7.1] AndroidManifest.xml:119:25-78
170            </intent-filter>
171        </receiver>
172        <receiver
172-->[androidx.work:work-runtime:2.7.1] AndroidManifest.xml:122:9-131:20
173            android:name="androidx.work.impl.background.systemalarm.ConstraintProxyUpdateReceiver"
173-->[androidx.work:work-runtime:2.7.1] AndroidManifest.xml:123:13-99
174            android:directBootAware="false"
174-->[androidx.work:work-runtime:2.7.1] AndroidManifest.xml:124:13-44
175            android:enabled="@bool/enable_system_alarm_service_default"
175-->[androidx.work:work-runtime:2.7.1] AndroidManifest.xml:125:13-72
176            android:exported="false" >
176-->[androidx.work:work-runtime:2.7.1] AndroidManifest.xml:126:13-37
177            <intent-filter>
177-->[androidx.work:work-runtime:2.7.1] AndroidManifest.xml:128:13-130:29
178                <action android:name="androidx.work.impl.background.systemalarm.UpdateProxies" />
178-->[androidx.work:work-runtime:2.7.1] AndroidManifest.xml:129:17-98
178-->[androidx.work:work-runtime:2.7.1] AndroidManifest.xml:129:25-95
179            </intent-filter>
180        </receiver>
181        <receiver
181-->[androidx.work:work-runtime:2.7.1] AndroidManifest.xml:132:9-142:20
182            android:name="androidx.work.impl.diagnostics.DiagnosticsReceiver"
182-->[androidx.work:work-runtime:2.7.1] AndroidManifest.xml:133:13-78
183            android:directBootAware="false"
183-->[androidx.work:work-runtime:2.7.1] AndroidManifest.xml:134:13-44
184            android:enabled="true"
184-->[androidx.work:work-runtime:2.7.1] AndroidManifest.xml:135:13-35
185            android:exported="true"
185-->[androidx.work:work-runtime:2.7.1] AndroidManifest.xml:136:13-36
186            android:permission="android.permission.DUMP" >
186-->[androidx.work:work-runtime:2.7.1] AndroidManifest.xml:137:13-57
187            <intent-filter>
187-->[androidx.work:work-runtime:2.7.1] AndroidManifest.xml:139:13-141:29
188                <action android:name="androidx.work.diagnostics.REQUEST_DIAGNOSTICS" />
188-->[androidx.work:work-runtime:2.7.1] AndroidManifest.xml:140:17-88
188-->[androidx.work:work-runtime:2.7.1] AndroidManifest.xml:140:25-85
189            </intent-filter>
190        </receiver>
191
192        <service
192-->[androidx.core:core-remoteviews:1.1.0] AndroidManifest.xml:24:9-27:63
193            android:name="androidx.core.widget.RemoteViewsCompatService"
193-->[androidx.core:core-remoteviews:1.1.0] AndroidManifest.xml:25:13-73
194            android:permission="android.permission.BIND_REMOTEVIEWS" />
194-->[androidx.core:core-remoteviews:1.1.0] AndroidManifest.xml:26:13-69
195        <service
195-->[androidx.room:room-runtime-android:2.7.2] AndroidManifest.xml:24:9-28:63
196            android:name="androidx.room.MultiInstanceInvalidationService"
196-->[androidx.room:room-runtime-android:2.7.2] AndroidManifest.xml:25:13-74
197            android:directBootAware="true"
197-->[androidx.room:room-runtime-android:2.7.2] AndroidManifest.xml:26:13-43
198            android:exported="false" />
198-->[androidx.room:room-runtime-android:2.7.2] AndroidManifest.xml:27:13-37
199
200        <receiver
200-->[androidx.profileinstaller:profileinstaller:1.4.0] AndroidManifest.xml:34:9-52:20
201            android:name="androidx.profileinstaller.ProfileInstallReceiver"
201-->[androidx.profileinstaller:profileinstaller:1.4.0] AndroidManifest.xml:35:13-76
202            android:directBootAware="false"
202-->[androidx.profileinstaller:profileinstaller:1.4.0] AndroidManifest.xml:36:13-44
203            android:enabled="true"
203-->[androidx.profileinstaller:profileinstaller:1.4.0] AndroidManifest.xml:37:13-35
204            android:exported="true"
204-->[androidx.profileinstaller:profileinstaller:1.4.0] AndroidManifest.xml:38:13-36
205            android:permission="android.permission.DUMP" >
205-->[androidx.profileinstaller:profileinstaller:1.4.0] AndroidManifest.xml:39:13-57
206            <intent-filter>
206-->[androidx.profileinstaller:profileinstaller:1.4.0] AndroidManifest.xml:40:13-42:29
207                <action android:name="androidx.profileinstaller.action.INSTALL_PROFILE" />
207-->[androidx.profileinstaller:profileinstaller:1.4.0] AndroidManifest.xml:41:17-91
207-->[androidx.profileinstaller:profileinstaller:1.4.0] AndroidManifest.xml:41:25-88
208            </intent-filter>
209            <intent-filter>
209-->[androidx.profileinstaller:profileinstaller:1.4.0] AndroidManifest.xml:43:13-45:29
210                <action android:name="androidx.profileinstaller.action.SKIP_FILE" />
210-->[androidx.profileinstaller:profileinstaller:1.4.0] AndroidManifest.xml:44:17-85
210-->[androidx.profileinstaller:profileinstaller:1.4.0] AndroidManifest.xml:44:25-82
211            </intent-filter>
212            <intent-filter>
212-->[androidx.profileinstaller:profileinstaller:1.4.0] AndroidManifest.xml:46:13-48:29
213                <action android:name="androidx.profileinstaller.action.SAVE_PROFILE" />
213-->[androidx.profileinstaller:profileinstaller:1.4.0] AndroidManifest.xml:47:17-88
213-->[androidx.profileinstaller:profileinstaller:1.4.0] AndroidManifest.xml:47:25-85
214            </intent-filter>
215            <intent-filter>
215-->[androidx.profileinstaller:profileinstaller:1.4.0] AndroidManifest.xml:49:13-51:29
216                <action android:name="androidx.profileinstaller.action.BENCHMARK_OPERATION" />
216-->[androidx.profileinstaller:profileinstaller:1.4.0] AndroidManifest.xml:50:17-95
216-->[androidx.profileinstaller:profileinstaller:1.4.0] AndroidManifest.xml:50:25-92
217            </intent-filter>
218        </receiver>
219    </application>
220
221</manifest>